<?xml version="1.0" encoding="UTF-8"?>
<testsuite xmlns:xsi="http://www.w3.org/2001/XMLSchema-instance" xsi:noNamespaceSchemaLocation="https://maven.apache.org/surefire/maven-surefire-plugin/xsd/surefire-test-report.xsd" name="EnhancedClientTest" time="22.96" tests="8" errors="0" skipped="0" failures="0">
  <properties>
[...]
</properties>
  <testcase name="whenInitializingEnhancedClient_thenNotNull" classname="EnhancedClientTest" time="0.001"/>
  <testcase name="CreateTable" classname="EnhancedClientTest" time="21.373"/>
  <testcase name="PutItem" classname="EnhancedClientTest" time="0.355"/>
  <testcase name="PutBatchItems" classname="EnhancedClientTest" time="0.273"/>
  <testcase name="GetItem" classname="EnhancedClientTest" time="0.232"/>
  <testcase name="QueryRecords" classname="EnhancedClientTest" time="0.24"/>
  <testcase name="ScanRecords" classname="EnhancedClientTest" time="0.238"/>
  <testcase name="DeleteTable" classname="EnhancedClientTest" time="0.24"/>
</testsuite>